#! /usr/bin/vvp
:ivl_version "11.0 (stable)";
:ivl_delay_selection "TYPICAL";
:vpi_time_precision + 0;
:vpi_module "/usr/lib/x86_64-linux-gnu/ivl/system.vpi";
:vpi_module "/usr/lib/x86_64-linux-gnu/ivl/vhdl_sys.vpi";
:vpi_module "/usr/lib/x86_64-linux-gnu/ivl/vhdl_textio.vpi";
:vpi_module "/usr/lib/x86_64-linux-gnu/ivl/v2005_math.vpi";
:vpi_module "/usr/lib/x86_64-linux-gnu/ivl/va_math.vpi";
S_0x557c2dfc5d90 .scope module, "fifo" "fifo" 2 1;
 .timescale 0 0;
    .port_info 0 /INPUT 1 "clk";
    .port_info 1 /INPUT 1 "rstn";
    .port_info 2 /INPUT 1 "wr_en";
    .port_info 3 /INPUT 1 "rd_en";
    .port_info 4 /INPUT 8 "data_in";
    .port_info 5 /OUTPUT 8 "data_out";
    .port_info 6 /OUTPUT 1 "full";
    .port_info 7 /OUTPUT 1 "empty";
P_0x557c2dfc5f20 .param/l "ESTADO_EXEC" 1 2 12, C4<00>;
P_0x557c2dfc5f60 .param/l "ESTADO_INSERE" 1 2 13, C4<01>;
P_0x557c2dfc5fa0 .param/l "ESTADO_REMOVE" 1 2 14, C4<10>;
L_0x557c2e017860 .functor BUFZ 1, v0x557c2e016bf0_0, C4<0>, C4<0>, C4<0>;
L_0x557c2e017920 .functor BUFZ 1, v0x557c2dfeef80_0, C4<0>, C4<0>, C4<0>;
v0x557c2dfeef80_0 .var "_empty", 0 0;
v0x557c2e016bf0_0 .var "_full", 0 0;
v0x557c2e016cb0 .array "buffer", 0 3, 7 0;
o0x7fa8eb9dc078 .functor BUFZ 1, C4<z>; HiZ drive
v0x557c2e016d50_0 .net "clk", 0 0, o0x7fa8eb9dc078;  0 drivers
o0x7fa8eb9dc0a8 .functor BUFZ 8, C4<zzzzzzzz>; HiZ drive
v0x557c2e016e10_0 .net "data_in", 7 0, o0x7fa8eb9dc0a8;  0 drivers
v0x557c2e016f40_0 .var "data_out", 7 0;
v0x557c2e017020_0 .net "empty", 0 0, L_0x557c2e017920;  1 drivers
v0x557c2e0170e0_0 .var "estado", 1 0;
v0x557c2e0171c0_0 .net "full", 0 0, L_0x557c2e017860;  1 drivers
v0x557c2e017280_0 .var "proximo_estado", 1 0;
v0x557c2e017360_0 .var "r_ptr", 1 0;
o0x7fa8eb9dc1f8 .functor BUFZ 1, C4<z>; HiZ drive
v0x557c2e017440_0 .net "rd_en", 0 0, o0x7fa8eb9dc1f8;  0 drivers
o0x7fa8eb9dc228 .functor BUFZ 1, C4<z>; HiZ drive
v0x557c2e017500_0 .net "rstn", 0 0, o0x7fa8eb9dc228;  0 drivers
v0x557c2e0175c0_0 .var "w_ptr", 1 0;
o0x7fa8eb9dc288 .functor BUFZ 1, C4<z>; HiZ drive
v0x557c2e0176a0_0 .net "wr_en", 0 0, o0x7fa8eb9dc288;  0 drivers
E_0x557c2dfffd90 .event edge, v0x557c2e0170e0_0;
E_0x557c2dfc65a0/0 .event negedge, v0x557c2e017500_0;
E_0x557c2dfc65a0/1 .event posedge, v0x557c2e017440_0, v0x557c2e0176a0_0, v0x557c2e016d50_0;
E_0x557c2dfc65a0 .event/or E_0x557c2dfc65a0/0, E_0x557c2dfc65a0/1;
    .scope S_0x557c2dfc5d90;
T_0 ;
    %wait E_0x557c2dfc65a0;
    %load/vec4 v0x557c2e017500_0;
    %nor/r;
    %flag_set/vec4 8;
    %jmp/0xz  T_0.0, 8;
    %pushi/vec4 0, 0, 2;
    %store/vec4 v0x557c2e0175c0_0, 0, 2;
    %pushi/vec4 0, 0, 2;
    %store/vec4 v0x557c2e017360_0, 0, 2;
    %pushi/vec4 1, 0, 1;
    %store/vec4 v0x557c2dfeef80_0, 0, 1;
    %pushi/vec4 0, 0, 1;
    %store/vec4 v0x557c2e016bf0_0, 0, 1;
    %pushi/vec4 0, 0, 2;
    %store/vec4 v0x557c2e0170e0_0, 0, 2;
    %jmp T_0.1;
T_0.0 ;
    %load/vec4 v0x557c2e0175c0_0;
    %load/vec4 v0x557c2e017360_0;
    %cmp/e;
    %flag_get/vec4 4;
    %store/vec4 v0x557c2dfeef80_0, 0, 1;
    %load/vec4 v0x557c2e0175c0_0;
    %pad/u 32;
    %load/vec4 v0x557c2e017360_0;
    %pad/u 32;
    %subi 1, 0, 32;
    %cmp/e;
    %flag_get/vec4 4;
    %store/vec4 v0x557c2e016bf0_0, 0, 1;
    %load/vec4 v0x557c2e017280_0;
    %store/vec4 v0x557c2e0170e0_0, 0, 2;
T_0.1 ;
    %jmp T_0;
    .thread T_0;
    .scope S_0x557c2dfc5d90;
T_1 ;
    %wait E_0x557c2dfffd90;
    %load/vec4 v0x557c2e0170e0_0;
    %dup/vec4;
    %pushi/vec4 0, 0, 2;
    %cmp/u;
    %jmp/1 T_1.0, 6;
    %dup/vec4;
    %pushi/vec4 1, 0, 2;
    %cmp/u;
    %jmp/1 T_1.1, 6;
    %dup/vec4;
    %pushi/vec4 2, 0, 2;
    %cmp/u;
    %jmp/1 T_1.2, 6;
    %jmp T_1.3;
T_1.0 ;
    %load/vec4 v0x557c2e0176a0_0;
    %load/vec4 v0x557c2e016bf0_0;
    %nor/r;
    %and;
    %flag_set/vec4 8;
    %jmp/0xz  T_1.4, 8;
    %pushi/vec4 1, 0, 2;
    %store/vec4 v0x557c2e017280_0, 0, 2;
    %jmp T_1.5;
T_1.4 ;
    %load/vec4 v0x557c2e017440_0;
    %load/vec4 v0x557c2dfeef80_0;
    %nor/r;
    %and;
    %flag_set/vec4 8;
    %jmp/0xz  T_1.6, 8;
    %pushi/vec4 2, 0, 2;
    %store/vec4 v0x557c2e017280_0, 0, 2;
    %jmp T_1.7;
T_1.6 ;
    %pushi/vec4 0, 0, 2;
    %store/vec4 v0x557c2e017280_0, 0, 2;
T_1.7 ;
T_1.5 ;
    %jmp T_1.3;
T_1.1 ;
    %load/vec4 v0x557c2e016e10_0;
    %load/vec4 v0x557c2e0175c0_0;
    %pad/u 4;
    %ix/vec4 4;
    %store/vec4a v0x557c2e016cb0, 4, 0;
    %load/vec4 v0x557c2e0175c0_0;
    %addi 1, 0, 2;
    %store/vec4 v0x557c2e0175c0_0, 0, 2;
    %pushi/vec4 0, 0, 2;
    %store/vec4 v0x557c2e017280_0, 0, 2;
    %jmp T_1.3;
T_1.2 ;
    %load/vec4 v0x557c2e017360_0;
    %pad/u 4;
    %ix/vec4 4;
    %load/vec4a v0x557c2e016cb0, 4;
    %store/vec4 v0x557c2e016f40_0, 0, 8;
    %load/vec4 v0x557c2e017360_0;
    %addi 1, 0, 2;
    %store/vec4 v0x557c2e017360_0, 0, 2;
    %pushi/vec4 0, 0, 2;
    %store/vec4 v0x557c2e017280_0, 0, 2;
    %jmp T_1.3;
T_1.3 ;
    %pop/vec4 1;
    %jmp T_1;
    .thread T_1, $push;
# The file index is used to find the file name in the following table.
:file_names 3;
    "N/A";
    "<interactive>";
    "fifo.v";
